# JRE version: OpenJDK Runtime Environment (17.0.6) (build 17.0.6+0-b2043.56-10027231)
# Java VM: OpenJDK 64-Bit Server VM (17.0.6+0-b2043.56-10027231, mixed mode, tiered, compressed oops, compressed class ptrs, g1 gc, windows-amd64)
GC Precious Log:
 CPUs: 8 total, 8 available
 Memory: 16106M
 Large Page Support: Disabled
 NUMA Support: Disabled
 Compressed Oops: Enabled (32-bit)
 Heap Region Size: 1M
 Heap Min Capacity: 8M
 Heap Initial Capacity: 252M
 Heap Max Capacity: 2G
 Pre-touch: Disabled
 Parallel Workers: 8
 Concurrent Workers: 2
 Concurrent Refinement Workers: 8
 Periodic GC: Disabled
Heap:
 garbage-first heap   total 292864K, used 206515K [0x0000000080000000, 0x0000000100000000)
  region size 1024K, 102 young (104448K), 8 survivors (8192K)
 Metaspace       used 100927K, committed 101632K, reserved 1138688K
  class space    used 13735K, committed 14080K, reserved 1048576K
GC Heap History (20 events):
Event: 16.448 GC heap before
{Heap before GC invocations=29 (full 0):
 garbage-first heap   total 146432K, used 104065K [0x0000000080000000, 0x0000000100000000)
  region size 1024K, 46 young (47104K), 6 survivors (6144K)
 Metaspace       used 70742K, committed 71360K, reserved 1114112K
  class space    used 9352K, committed 9600K, reserved 1048576K
}
Event: 16.458 GC heap after
{Heap after GC invocations=30 (full 0):
 garbage-first heap   total 146432K, used 66403K [0x0000000080000000, 0x0000000100000000)
  region size 1024K, 6 young (6144K), 6 survivors (6144K)
 Metaspace       used 70742K, committed 71360K, reserved 1114112K
  class space    used 9352K, committed 9600K, reserved 1048576K
}
Event: 17.123 GC heap before
{Heap before GC invocations=30 (full 0):
 garbage-first heap   total 146432K, used 103267K [0x0000000080000000, 0x0000000100000000)
  region size 1024K, 43 young (44032K), 6 survivors (6144K)
 Metaspace       used 72819K, committed 73408K, reserved 1114112K
  class space    used 9639K, committed 9856K, reserved 1048576K
}
Event: 17.133 GC heap after
{Heap after GC invocations=31 (full 0):
 garbage-first heap   total 146432K, used 70173K [0x0000000080000000, 0x0000000100000000)
  region size 1024K, 4 young (4096K), 4 survivors (4096K)
 Metaspace       used 72819K, committed 73408K, reserved 1114112K
  class space    used 9639K, committed 9856K, reserved 1048576K
}
Event: 18.307 GC heap before
{Heap before GC invocations=32 (full 0):
 garbage-first heap   total 146432K, used 112157K [0x0000000080000000, 0x0000000100000000)
  region size 1024K, 44 young (45056K), 4 survivors (4096K)
 Metaspace       used 77641K, committed 78208K, reserved 1122304K
  class space    used 10500K, committed 10752K, reserved 1048576K
}
Event: 18.314 GC heap after
{Heap after GC invocations=33 (full 0):
 garbage-first heap   total 146432K, used 72277K [0x0000000080000000, 0x0000000100000000)
  region size 1024K, 3 young (3072K), 3 survivors (3072K)
 Metaspace       used 77641K, committed 78208K, reserved 1122304K
  class space    used 10500K, committed 10752K, reserved 1048576K
}
Event: 19.293 GC heap before
{Heap before GC invocations=33 (full 0):
 garbage-first heap   total 146432K, used 113237K [0x0000000080000000, 0x0000000100000000)
  region size 1024K, 43 young (44032K), 3 survivors (3072K)
 Metaspace       used 82850K, committed 83392K, reserved 1122304K
  class space    used 11223K, committed 11456K, reserved 1048576K
}
Event: 19.300 GC heap after
{Heap after GC invocations=34 (full 0):
 garbage-first heap   total 146432K, used 74528K [0x0000000080000000, 0x0000000100000000)
  region size 1024K, 5 young (5120K), 5 survivors (5120K)
 Metaspace       used 82850K, committed 83392K, reserved 1122304K
  class space    used 11223K, committed 11456K, reserved 1048576K
}
Event: 20.338 GC heap before
{Heap before GC invocations=35 (full 0):
 garbage-first heap   total 146432K, used 115488K [0x0000000080000000, 0x0000000100000000)
  region size 1024K, 45 young (46080K), 5 survivors (5120K)
 Metaspace       used 86503K, committed 87040K, reserved 1130496K
  class space    used 11734K, committed 11968K, reserved 1048576K
}
Event: 20.350 GC heap after
{Heap after GC invocations=36 (full 0):
 garbage-first heap   total 146432K, used 78306K [0x0000000080000000, 0x0000000100000000)
  region size 1024K, 6 young (6144K), 6 survivors (6144K)
 Metaspace       used 86503K, committed 87040K, reserved 1130496K
  class space    used 11734K, committed 11968K, reserved 1048576K
}
Event: 20.368 GC heap before
{Heap before GC invocations=36 (full 0):
 garbage-first heap   total 146432K, used 79330K [0x0000000080000000, 0x0000000100000000)
  region size 1024K, 7 young (7168K), 6 survivors (6144K)
 Metaspace       used 86549K, committed 87104K, reserved 1130496K
  class space    used 11740K, committed 11968K, reserved 1048576K
}
Event: 20.379 GC heap after
{Heap after GC invocations=37 (full 0):
 garbage-first heap   total 146432K, used 78585K [0x0000000080000000, 0x0000000100000000)
  region size 1024K, 1 young (1024K), 1 survivors (1024K)
 Metaspace       used 86549K, committed 87104K, reserved 1130496K
  class space    used 11740K, committed 11968K, reserved 1048576K
}
Event: 21.585 GC heap before
{Heap before GC invocations=37 (full 0):
 garbage-first heap   total 146432K, used 117497K [0x0000000080000000, 0x0000000100000000)
  region size 1024K, 39 young (39936K), 1 survivors (1024K)
 Metaspace       used 91418K, committed 91968K, reserved 1130496K
  class space    used 12442K, committed 12672K, reserved 1048576K
}
Event: 21.597 GC heap after
{Heap after GC invocations=38 (full 0):
 garbage-first heap   total 292864K, used 80980K [0x0000000080000000, 0x0000000100000000)
  region size 1024K, 4 young (4096K), 4 survivors (4096K)
 Metaspace       used 91418K, committed 91968K, reserved 1130496K
  class space    used 12442K, committed 12672K, reserved 1048576K
}
Event: 24.678 GC heap before
{Heap before GC invocations=38 (full 0):
 garbage-first heap   total 292864K, used 218196K [0x0000000080000000, 0x0000000100000000)
  region size 1024K, 138 young (141312K), 4 survivors (4096K)
 Metaspace       used 95667K, committed 96384K, reserved 1138688K
  class space    used 13103K, committed 13440K, reserved 1048576K
}
Event: 24.705 GC heap after
{Heap after GC invocations=39 (full 0):
 garbage-first heap   total 292864K, used 96240K [0x0000000080000000, 0x0000000100000000)
  region size 1024K, 18 young (18432K), 18 survivors (18432K)
 Metaspace       used 95667K, committed 96384K, reserved 1138688K
  class space    used 13103K, committed 13440K, reserved 1048576K
}
Event: 27.453 GC heap before
{Heap before GC invocations=39 (full 0):
 garbage-first heap   total 292864K, used 206832K [0x0000000080000000, 0x0000000100000000)
  region size 1024K, 127 young (130048K), 18 survivors (18432K)
 Metaspace       used 96574K, committed 97280K, reserved 1138688K
  class space    used 13160K, committed 13504K, reserved 1048576K
}
Event: 27.480 GC heap after
{Heap after GC invocations=40 (full 0):
 garbage-first heap   total 292864K, used 105261K [0x0000000080000000, 0x0000000100000000)
  region size 1024K, 9 young (9216K), 9 survivors (9216K)
 Metaspace       used 96574K, committed 97280K, reserved 1138688K
  class space    used 13160K, committed 13504K, reserved 1048576K
}
Event: 33.027 GC heap before
{Heap before GC invocations=40 (full 0):
 garbage-first heap   total 292864K, used 217901K [0x0000000080000000, 0x0000000100000000)
  region size 1024K, 120 young (122880K), 9 survivors (9216K)
 Metaspace       used 99625K, committed 100352K, reserved 1138688K
  class space    used 13536K, committed 13888K, reserved 1048576K
}
Event: 33.045 GC heap after
{Heap after GC invocations=41 (full 0):
 garbage-first heap   total 292864K, used 112307K [0x0000000080000000, 0x0000000100000000)
  region size 1024K, 8 young (8192K), 8 survivors (8192K)
 Metaspace       used 99625K, committed 100352K, reserved 1138688K
  class space    used 13536K, committed 13888K, reserved 1048576K
}

