# JRE version: OpenJDK Runtime Environment (17.0.6) (build 17.0.6+0-b2043.56-10027231)
# Java VM: OpenJDK 64-Bit Server VM (17.0.6+0-b2043.56-10027231, mixed mode, tiered, compressed oops, compressed class ptrs, g1 gc, windows-amd64)
GC Precious Log:
 CPUs: 8 total, 8 available
 Memory: 16106M
 Large Page Support: Disabled
 NUMA Support: Disabled
 Compressed Oops: Enabled (32-bit)
 Heap Region Size: 1M
 Heap Min Capacity: 8M
 Heap Initial Capacity: 252M
 Heap Max Capacity: 2G
 Pre-touch: Disabled
 Parallel Workers: 8
 Concurrent Workers: 2
 Concurrent Refinement Workers: 8
 Periodic GC: Disabled
Heap:
 garbage-first heap   total 188416K, used 115963K [0x0000000080000000, 0x0000000100000000)
  region size 1024K, 53 young (54272K), 8 survivors (8192K)
 Metaspace       used 78851K, committed 79424K, reserved 1122304K
  class space    used 10669K, committed 10944K, reserved 1048576K
GC Heap History (20 events):
Event: 17.117 GC heap before
{Heap before GC invocations=20 (full 0):
 garbage-first heap   total 71680K, used 65483K [0x0000000080000000, 0x0000000100000000)
  region size 1024K, 18 young (18432K), 1 survivors (1024K)
 Metaspace       used 52569K, committed 52992K, reserved 1097728K
  class space    used 6942K, committed 7104K, reserved 1048576K
}
Event: 17.124 GC heap after
{Heap after GC invocations=21 (full 0):
 garbage-first heap   total 75776K, used 56140K [0x0000000080000000, 0x0000000100000000)
  region size 1024K, 3 young (3072K), 3 survivors (3072K)
 Metaspace       used 52569K, committed 52992K, reserved 1097728K
  class space    used 6942K, committed 7104K, reserved 1048576K
}
Event: 17.154 GC heap before
{Heap before GC invocations=21 (full 0):
 garbage-first heap   total 75776K, used 57164K [0x0000000080000000, 0x0000000100000000)
  region size 1024K, 4 young (4096K), 3 survivors (3072K)
 Metaspace       used 52705K, committed 53184K, reserved 1097728K
  class space    used 6967K, committed 7168K, reserved 1048576K
}
Event: 17.158 GC heap after
{Heap after GC invocations=22 (full 0):
 garbage-first heap   total 75776K, used 55952K [0x0000000080000000, 0x0000000100000000)
  region size 1024K, 1 young (1024K), 1 survivors (1024K)
 Metaspace       used 52705K, committed 53184K, reserved 1097728K
  class space    used 6967K, committed 7168K, reserved 1048576K
}
Event: 17.376 GC heap before
{Heap before GC invocations=22 (full 0):
 garbage-first heap   total 75776K, used 62096K [0x0000000080000000, 0x0000000100000000)
  region size 1024K, 8 young (8192K), 1 survivors (1024K)
 Metaspace       used 53713K, committed 54208K, reserved 1097728K
  class space    used 7093K, committed 7296K, reserved 1048576K
}
Event: 17.380 GC heap after
{Heap after GC invocations=23 (full 0):
 garbage-first heap   total 75776K, used 56062K [0x0000000080000000, 0x0000000100000000)
  region size 1024K, 1 young (1024K), 1 survivors (1024K)
 Metaspace       used 53713K, committed 54208K, reserved 1097728K
  class space    used 7093K, committed 7296K, reserved 1048576K
}
Event: 17.688 GC heap before
{Heap before GC invocations=24 (full 0):
 garbage-first heap   total 99328K, used 62206K [0x0000000080000000, 0x0000000100000000)
  region size 1024K, 8 young (8192K), 1 survivors (1024K)
 Metaspace       used 54636K, committed 55104K, reserved 1097728K
  class space    used 7232K, committed 7424K, reserved 1048576K
}
Event: 17.693 GC heap after
{Heap after GC invocations=25 (full 0):
 garbage-first heap   total 99328K, used 56272K [0x0000000080000000, 0x0000000100000000)
  region size 1024K, 1 young (1024K), 1 survivors (1024K)
 Metaspace       used 54636K, committed 55104K, reserved 1097728K
  class space    used 7232K, committed 7424K, reserved 1048576K
}
Event: 17.804 GC heap before
{Heap before GC invocations=25 (full 0):
 garbage-first heap   total 99328K, used 59344K [0x0000000080000000, 0x0000000100000000)
  region size 1024K, 4 young (4096K), 1 survivors (1024K)
 Metaspace       used 55090K, committed 55552K, reserved 1097728K
  class space    used 7304K, committed 7488K, reserved 1048576K
}
Event: 17.807 GC heap after
{Heap after GC invocations=26 (full 0):
 garbage-first heap   total 99328K, used 55944K [0x0000000080000000, 0x0000000100000000)
  region size 1024K, 1 young (1024K), 1 survivors (1024K)
 Metaspace       used 55090K, committed 55552K, reserved 1097728K
  class space    used 7304K, committed 7488K, reserved 1048576K
}
Event: 18.764 GC heap before
{Heap before GC invocations=26 (full 0):
 garbage-first heap   total 99328K, used 77448K [0x0000000080000000, 0x0000000100000000)
  region size 1024K, 22 young (22528K), 1 survivors (1024K)
 Metaspace       used 58719K, committed 59200K, reserved 1105920K
  class space    used 7746K, committed 7936K, reserved 1048576K
}
Event: 19.258 GC heap after
{Heap after GC invocations=27 (full 0):
 garbage-first heap   total 188416K, used 56715K [0x0000000080000000, 0x0000000100000000)
  region size 1024K, 2 young (2048K), 2 survivors (2048K)
 Metaspace       used 58719K, committed 59200K, reserved 1105920K
  class space    used 7746K, committed 7936K, reserved 1048576K
}
Event: 19.590 GC heap before
{Heap before GC invocations=28 (full 0):
 garbage-first heap   total 188416K, used 63883K [0x0000000080000000, 0x0000000100000000)
  region size 1024K, 9 young (9216K), 2 survivors (2048K)
 Metaspace       used 59544K, committed 60032K, reserved 1105920K
  class space    used 7849K, committed 8064K, reserved 1048576K
}
Event: 19.595 GC heap after
{Heap after GC invocations=29 (full 0):
 garbage-first heap   total 188416K, used 56995K [0x0000000080000000, 0x0000000100000000)
  region size 1024K, 2 young (2048K), 2 survivors (2048K)
 Metaspace       used 59544K, committed 60032K, reserved 1105920K
  class space    used 7849K, committed 8064K, reserved 1048576K
}
Event: 20.032 GC heap before
{Heap before GC invocations=29 (full 0):
 garbage-first heap   total 188416K, used 64163K [0x0000000080000000, 0x0000000100000000)
  region size 1024K, 9 young (9216K), 2 survivors (2048K)
 Metaspace       used 61333K, committed 61888K, reserved 1105920K
  class space    used 8103K, committed 8384K, reserved 1048576K
}
Event: 20.036 GC heap after
{Heap after GC invocations=30 (full 0):
 garbage-first heap   total 188416K, used 57215K [0x0000000080000000, 0x0000000100000000)
  region size 1024K, 1 young (1024K), 1 survivors (1024K)
 Metaspace       used 61333K, committed 61888K, reserved 1105920K
  class space    used 8103K, committed 8384K, reserved 1048576K
}
Event: 23.042 GC heap before
{Heap before GC invocations=30 (full 0):
 garbage-first heap   total 188416K, used 143231K [0x0000000080000000, 0x0000000100000000)
  region size 1024K, 79 young (80896K), 1 survivors (1024K)
 Metaspace       used 69479K, committed 70016K, reserved 1114112K
  class space    used 9166K, committed 9408K, reserved 1048576K
}
Event: 23.054 GC heap after
{Heap after GC invocations=31 (full 0):
 garbage-first heap   total 188416K, used 63697K [0x0000000080000000, 0x0000000100000000)
  region size 1024K, 8 young (8192K), 8 survivors (8192K)
 Metaspace       used 69479K, committed 70016K, reserved 1114112K
  class space    used 9166K, committed 9408K, reserved 1048576K
}
Event: 25.199 GC heap before
{Heap before GC invocations=31 (full 0):
 garbage-first heap   total 188416K, used 138449K [0x0000000080000000, 0x0000000100000000)
  region size 1024K, 81 young (82944K), 8 survivors (8192K)
 Metaspace       used 73440K, committed 74048K, reserved 1114112K
  class space    used 9704K, committed 9984K, reserved 1048576K
}
Event: 25.222 GC heap after
{Heap after GC invocations=32 (full 0):
 garbage-first heap   total 188416K, used 70907K [0x0000000080000000, 0x0000000100000000)
  region size 1024K, 8 young (8192K), 8 survivors (8192K)
 Metaspace       used 73440K, committed 74048K, reserved 1114112K
  class space    used 9704K, committed 9984K, reserved 1048576K
}

